Build started 29/01/2015 15:07:02.
     1>Project "C:\VS Projects\Rendering_Lab1\Rendering_Lab1\Rendering_Lab1.vcxproj" on node 2 (Build target(s)).
     1>ClCompile:
         C:\Program Files (x86)\Microsoft Visual Studio 11.0\VC\bin\CL.exe /c /I"C:\VS Projects\Rendering_Lab1\Rendering_Lab1\glew-1.10.0\include" /I"C:\VS Projects\Rendering_Lab1\Rendering_Lab1\assimp\include" /I"C:\VS Projects\Rendering_Lab1\Rendering_Lab1\freeglut\include" /I"C:\VS Projects\Rendering_Lab1\Rendering_Lab1\AntTweakBar\AntTweakBar\include" /ZI /nologo /W3 /WX- /sdl /Od /Oy- /D WIN32 /D _DEBUG /D _CONSOLE /D _UNICODE /D UNICODE /Gm /EHsc /RTC1 /MDd /GS /fp:precise /Zc:wchar_t /Zc:forScope /Fo"Debug\\" /Fd"Debug\vc110.pdb" /Gd /TP /analyze- /errorReport:prompt Files\main.cpp
         main.cpp
     1>c:\vs projects\rendering_lab1\rendering_lab1\files\main.cpp(199): warning C4244: 'argument' : conversion from 'double' to 'float', possible loss of data
     1>c:\vs projects\rendering_lab1\rendering_lab1\files\main.cpp(202): warning C4244: 'argument' : conversion from 'double' to 'float', possible loss of data
     1>c:\vs projects\rendering_lab1\rendering_lab1\files\main.cpp(205): warning C4244: 'argument' : conversion from 'double' to 'float', possible loss of data
         GLM: perspective function taking degrees as a parameter is deprecated. #define GLM_FORCE_RADIANS before including GLM headers to remove this message.
       Link:
         C:\Program Files (x86)\Microsoft Visual Studio 11.0\VC\bin\link.exe /ERRORREPORT:PROMPT /OUT:"C:\VS Projects\Rendering_Lab1\Debug\Rendering_Lab1.exe" /INCREMENTAL /NOLOGO /LIBPATH:"C:\VS Projects\Rendering_Lab1\Rendering_Lab1\glew-1.10.0\lib\Release\Win32" /LIBPATH:"C:\VS Projects\Rendering_Lab1\Rendering_Lab1\freeglut\lib" /LIBPATH:"C:\VS Projects\Rendering_Lab1\Rendering_Lab1\assimp\lib\Release" /LIBPATH:"C:\VS Projects\Rendering_Lab1\Rendering_Lab1\AntTweakBar\AntTweakBar\lib" freeglut.lib glew32.lib assimp.lib kernel32.lib user32.lib gdi32.lib winspool.lib comdlg32.lib advapi32.lib shell32.lib ole32.lib oleaut32.lib uuid.lib odbc32.lib odbccp32.lib /MANIFEST /MANIFESTUAC:"level='asInvoker' uiAccess='false'" /manifest:embed /DEBUG /PDB:"C:\VS Projects\Rendering_Lab1\Debug\Rendering_Lab1.pdb" /SUBSYSTEM:CONSOLE /TLBID:1 /DYNAMICBASE /NXCOMPAT /IMPLIB:"C:\VS Projects\Rendering_Lab1\Debug\Rendering_Lab1.lib" /MACHINE:X86 Debug\Camera.obj
         Debug\main.obj
         Debug\Mesh.obj
         Debug\RigidBody.obj
         Debug\ShaderManager.obj
         Debug\Shaders.obj
         Rendering_Lab1.vcxproj -> C:\VS Projects\Rendering_Lab1\Debug\Rendering_Lab1.exe
     1>Done Building Project "C:\VS Projects\Rendering_Lab1\Rendering_Lab1\Rendering_Lab1.vcxproj" (Build target(s)).

Build succeeded.

Time Elapsed 00:00:01.82
